[2021-01-07 14:47:13.195] [main] DEBUG com.icia.web.filter.HttpEncodingFilter - [HttpEncodingFilter] init encoding : UTF-8
[2021-01-07 14:47:13.607] [http-nio-8088-exec-2] DEBUG com.icia.web.filter.HttpEncodingFilter - [HttpEncodingFilter] doFilter
[2021-01-07 14:47:18.767] [http-nio-8088-exec-3] DEBUG com.icia.web.filter.HttpEncodingFilter - [HttpEncodingFilter] doFilter
[2021-01-07 14:47:31.876] [http-nio-8088-exec-4] DEBUG com.icia.web.filter.HttpEncodingFilter - [HttpEncodingFilter] doFilter
[2021-01-07 14:50:32.751] [Thread-2] DEBUG com.icia.web.filter.HttpEncodingFilter - [HttpEncodingFilter] destroy
[2021-01-07 15:31:21.308] [main] DEBUG com.icia.web.filter.HttpEncodingFilter - [HttpEncodingFilter] init encoding : UTF-8
[2021-01-07 15:31:21.717] [http-nio-8088-exec-2] DEBUG com.icia.web.filter.HttpEncodingFilter - [HttpEncodingFilter] doFilter
[2021-01-07 15:32:10.567] [http-nio-8088-exec-5] DEBUG com.icia.web.filter.HttpEncodingFilter - [HttpEncodingFilter] doFilter
[2021-01-07 15:32:32.810] [http-nio-8088-exec-7] DEBUG com.icia.web.filter.HttpEncodingFilter - [HttpEncodingFilter] doFilter
[2021-01-07 15:32:44.565] [http-nio-8088-exec-8] DEBUG com.icia.web.filter.HttpEncodingFilter - [HttpEncodingFilter] doFilter
[2021-01-07 15:37:35.012] [http-nio-8088-exec-10] DEBUG com.icia.web.filter.HttpEncodingFilter - [HttpEncodingFilter] doFilter
[2021-01-07 15:37:39.165] [http-nio-8088-exec-1] DEBUG com.icia.web.filter.HttpEncodingFilter - [HttpEncodingFilter] doFilter
[2021-01-07 15:37:59.170] [http-nio-8088-exec-2] DEBUG com.icia.web.filter.HttpEncodingFilter - [HttpEncodingFilter] doFilter
[2021-01-07 15:38:05.218] [http-nio-8088-exec-3] DEBUG com.icia.web.filter.HttpEncodingFilter - [HttpEncodingFilter] doFilter
[2021-01-07 15:38:33.191] [http-nio-8088-exec-5] DEBUG com.icia.web.filter.HttpEncodingFilter - [HttpEncodingFilter] doFilter
[2021-01-07 15:38:36.996] [http-nio-8088-exec-6] DEBUG com.icia.web.filter.HttpEncodingFilter - [HttpEncodingFilter] doFilter
[2021-01-07 15:39:01.438] [http-nio-8088-exec-8] DEBUG com.icia.web.filter.HttpEncodingFilter - [HttpEncodingFilter] doFilter
[2021-01-07 15:47:29.529] [http-nio-8088-exec-10] DEBUG com.icia.web.filter.HttpEncodingFilter - [HttpEncodingFilter] doFilter
[2021-01-07 15:47:35.405] [http-nio-8088-exec-1] DEBUG com.icia.web.filter.HttpEncodingFilter - [HttpEncodingFilter] doFilter
[2021-01-07 15:59:15.690] [Thread-2] DEBUG com.icia.web.filter.HttpEncodingFilter - [HttpEncodingFilter] destroy
[2021-01-07 16:01:17.175] [main] DEBUG com.icia.web.filter.HttpEncodingFilter - [HttpEncodingFilter] init encoding : UTF-8
[2021-01-07 16:01:17.566] [http-nio-8088-exec-2] DEBUG com.icia.web.filter.HttpEncodingFilter - [HttpEncodingFilter] doFilter
[2021-01-07 16:01:28.241] [http-nio-8088-exec-3] DEBUG com.icia.web.filter.HttpEncodingFilter - [HttpEncodingFilter] doFilter
[2021-01-07 16:01:57.257] [http-nio-8088-exec-5] DEBUG com.icia.web.filter.HttpEncodingFilter - [HttpEncodingFilter] doFilter
[2021-01-07 16:02:00.844] [http-nio-8088-exec-6] DEBUG com.icia.web.filter.HttpEncodingFilter - [HttpEncodingFilter] doFilter
[2021-01-07 16:03:32.239] [http-nio-8088-exec-8] DEBUG com.icia.web.filter.HttpEncodingFilter - [HttpEncodingFilter] doFilter
[2021-01-07 16:03:33.847] [http-nio-8088-exec-9] DEBUG com.icia.web.filter.HttpEncodingFilter - [HttpEncodingFilter] doFilter
[2021-01-07 16:03:38.166] [http-nio-8088-exec-10] DEBUG com.icia.web.filter.HttpEncodingFilter - [HttpEncodingFilter] doFilter
[2021-01-07 16:03:42.373] [http-nio-8088-exec-1] DEBUG com.icia.web.filter.HttpEncodingFilter - [HttpEncodingFilter] doFilter
[2021-01-07 16:03:47.019] [http-nio-8088-exec-2] DEBUG com.icia.web.filter.HttpEncodingFilter - [HttpEncodingFilter] doFilter
[2021-01-07 16:04:09.932] [http-nio-8088-exec-4] DEBUG com.icia.web.filter.HttpEncodingFilter - [HttpEncodingFilter] doFilter
[2021-01-07 16:06:00.635] [http-nio-8088-exec-5] DEBUG com.icia.web.filter.HttpEncodingFilter - [HttpEncodingFilter] doFilter
[2021-01-07 16:06:12.024] [http-nio-8088-exec-6] DEBUG com.icia.web.filter.HttpEncodingFilter - [HttpEncodingFilter] doFilter
[2021-01-07 16:06:39.474] [http-nio-8088-exec-8] DEBUG com.icia.web.filter.HttpEncodingFilter - [HttpEncodingFilter] doFilter
[2021-01-07 16:06:45.094] [http-nio-8088-exec-9] DEBUG com.icia.web.filter.HttpEncodingFilter - [HttpEncodingFilter] doFilter
[2021-01-07 16:07:10.836] [http-nio-8088-exec-1] DEBUG com.icia.web.filter.HttpEncodingFilter - [HttpEncodingFilter] doFilter
[2021-01-07 16:07:15.826] [http-nio-8088-exec-2] DEBUG com.icia.web.filter.HttpEncodingFilter - [HttpEncodingFilter] doFilter
[2021-01-07 16:12:09.693] [http-nio-8088-exec-4] DEBUG com.icia.web.filter.HttpEncodingFilter - [HttpEncodingFilter] doFilter
[2021-01-07 16:12:14.779] [http-nio-8088-exec-5] DEBUG com.icia.web.filter.HttpEncodingFilter - [HttpEncodingFilter] doFilter
[2021-01-07 16:12:57.926] [http-nio-8088-exec-7] DEBUG com.icia.web.filter.HttpEncodingFilter - [HttpEncodingFilter] doFilter
[2021-01-07 16:13:03.583] [http-nio-8088-exec-8] DEBUG com.icia.web.filter.HttpEncodingFilter - [HttpEncodingFilter] doFilter
[2021-01-07 16:13:28.768] [http-nio-8088-exec-10] DEBUG com.icia.web.filter.HttpEncodingFilter - [HttpEncodingFilter] doFilter
[2021-01-07 16:13:46.911] [http-nio-8088-exec-1] DEBUG com.icia.web.filter.HttpEncodingFilter - [HttpEncodingFilter] doFilter
[2021-01-07 16:17:12.297] [http-nio-8088-exec-3] DEBUG com.icia.web.filter.HttpEncodingFilter - [HttpEncodingFilter] doFilter
[2021-01-07 16:19:27.393] [http-nio-8088-exec-5] DEBUG com.icia.web.filter.HttpEncodingFilter - [HttpEncodingFilter] doFilter
[2021-01-07 16:19:59.135] [http-nio-8088-exec-7] DEBUG com.icia.web.filter.HttpEncodingFilter - [HttpEncodingFilter] doFilter
[2021-01-07 16:20:06.164] [http-nio-8088-exec-8] DEBUG com.icia.web.filter.HttpEncodingFilter - [HttpEncodingFilter] doFilter
[2021-01-07 16:20:17.702] [http-nio-8088-exec-9] DEBUG com.icia.web.filter.HttpEncodingFilter - [HttpEncodingFilter] doFilter
[2021-01-07 16:20:56.616] [http-nio-8088-exec-1] DEBUG com.icia.web.filter.HttpEncodingFilter - [HttpEncodingFilter] doFilter
[2021-01-07 16:21:31.810] [http-nio-8088-exec-3] DEBUG com.icia.web.filter.HttpEncodingFilter - [HttpEncodingFilter] doFilter
[2021-01-07 16:21:53.077] [http-nio-8088-exec-5] DEBUG com.icia.web.filter.HttpEncodingFilter - [HttpEncodingFilter] doFilter
[2021-01-07 16:21:58.094] [http-nio-8088-exec-6] DEBUG com.icia.web.filter.HttpEncodingFilter - [HttpEncodingFilter] doFilter
[2021-01-07 16:22:11.565] [http-nio-8088-exec-7] DEBUG com.icia.web.filter.HttpEncodingFilter - [HttpEncodingFilter] doFilter
[2021-01-07 16:22:32.008] [http-nio-8088-exec-9] DEBUG com.icia.web.filter.HttpEncodingFilter - [HttpEncodingFilter] doFilter
[2021-01-07 16:26:20.873] [http-nio-8088-exec-1] DEBUG com.icia.web.filter.HttpEncodingFilter - [HttpEncodingFilter] doFilter
[2021-01-07 16:26:26.470] [http-nio-8088-exec-2] DEBUG com.icia.web.filter.HttpEncodingFilter - [HttpEncodingFilter] doFilter
[2021-01-07 16:27:06.616] [http-nio-8088-exec-4] DEBUG com.icia.web.filter.HttpEncodingFilter - [HttpEncodingFilter] doFilter
[2021-01-07 16:28:28.183] [http-nio-8088-exec-6] DEBUG com.icia.web.filter.HttpEncodingFilter - [HttpEncodingFilter] doFilter
[2021-01-07 16:28:33.234] [http-nio-8088-exec-7] DEBUG com.icia.web.filter.HttpEncodingFilter - [HttpEncodingFilter] doFilter
[2021-01-07 16:28:42.864] [http-nio-8088-exec-8] DEBUG com.icia.web.filter.HttpEncodingFilter - [HttpEncodingFilter] doFilter
[2021-01-07 16:31:14.608] [http-nio-8088-exec-10] DEBUG com.icia.web.filter.HttpEncodingFilter - [HttpEncodingFilter] doFilter
[2021-01-07 16:31:17.760] [http-nio-8088-exec-1] DEBUG com.icia.web.filter.HttpEncodingFilter - [HttpEncodingFilter] doFilter
[2021-01-07 16:31:57.977] [http-nio-8088-exec-3] DEBUG com.icia.web.filter.HttpEncodingFilter - [HttpEncodingFilter] doFilter
[2021-01-07 16:32:03.798] [http-nio-8088-exec-4] DEBUG com.icia.web.filter.HttpEncodingFilter - [HttpEncodingFilter] doFilter
[2021-01-07 16:36:26.858] [http-nio-8088-exec-6] DEBUG com.icia.web.filter.HttpEncodingFilter - [HttpEncodingFilter] doFilter
[2021-01-07 16:36:32.815] [http-nio-8088-exec-7] DEBUG com.icia.web.filter.HttpEncodingFilter - [HttpEncodingFilter] doFilter
[2021-01-07 16:37:33.254] [http-nio-8088-exec-9] DEBUG com.icia.web.filter.HttpEncodingFilter - [HttpEncodingFilter] doFilter
[2021-01-07 16:37:40.050] [http-nio-8088-exec-10] DEBUG com.icia.web.filter.HttpEncodingFilter - [HttpEncodingFilter] doFilter
[2021-01-07 16:40:54.003] [http-nio-8088-exec-2] DEBUG com.icia.web.filter.HttpEncodingFilter - [HttpEncodingFilter] doFilter
[2021-01-07 16:41:18.672] [http-nio-8088-exec-4] DEBUG com.icia.web.filter.HttpEncodingFilter - [HttpEncodingFilter] doFilter
[2021-01-07 16:41:26.432] [http-nio-8088-exec-5] DEBUG com.icia.web.filter.HttpEncodingFilter - [HttpEncodingFilter] doFilter
[2021-01-07 16:44:54.758] [http-nio-8088-exec-7] DEBUG com.icia.web.filter.HttpEncodingFilter - [HttpEncodingFilter] doFilter
[2021-01-07 16:44:55.992] [http-nio-8088-exec-8] DEBUG com.icia.web.filter.HttpEncodingFilter - [HttpEncodingFilter] doFilter
[2021-01-07 16:44:57.858] [http-nio-8088-exec-9] DEBUG com.icia.web.filter.HttpEncodingFilter - [HttpEncodingFilter] doFilter
[2021-01-07 16:45:40.152] [http-nio-8088-exec-10] DEBUG com.icia.web.filter.HttpEncodingFilter - [HttpEncodingFilter] doFilter
[2021-01-07 16:45:56.328] [http-nio-8088-exec-1] DEBUG com.icia.web.filter.HttpEncodingFilter - [HttpEncodingFilter] doFilter
[2021-01-07 16:46:04.106] [http-nio-8088-exec-2] DEBUG com.icia.web.filter.HttpEncodingFilter - [HttpEncodingFilter] doFilter
[2021-01-07 16:46:16.275] [http-nio-8088-exec-3] DEBUG com.icia.web.filter.HttpEncodingFilter - [HttpEncodingFilter] doFilter
[2021-01-07 17:11:22.650] [Thread-2] DEBUG com.icia.web.filter.HttpEncodingFilter - [HttpEncodingFilter] destroy
[2021-01-07 17:37:18.094] [main] DEBUG com.icia.web.filter.HttpEncodingFilter - [HttpEncodingFilter] init encoding : UTF-8
[2021-01-07 17:37:29.970] [Thread-2] DEBUG com.icia.web.filter.HttpEncodingFilter - [HttpEncodingFilter] destroy
[2021-01-07 18:43:30.254] [main] DEBUG com.icia.web.filter.HttpEncodingFilter - [HttpEncodingFilter] init encoding : UTF-8
[2021-01-07 18:43:30.889] [http-nio-8088-exec-2] DEBUG com.icia.web.filter.HttpEncodingFilter - [HttpEncodingFilter] doFilter
[2021-01-07 18:43:35.760] [http-nio-8088-exec-3] DEBUG com.icia.web.filter.HttpEncodingFilter - [HttpEncodingFilter] doFilter
[2021-01-07 18:44:32.822] [http-nio-8088-exec-6] DEBUG com.icia.web.filter.HttpEncodingFilter - [HttpEncodingFilter] doFilter
[2021-01-07 18:44:37.243] [http-nio-8088-exec-7] DEBUG com.icia.web.filter.HttpEncodingFilter - [HttpEncodingFilter] doFilter
[2021-01-07 18:44:58.021] [Thread-2] DEBUG com.icia.web.filter.HttpEncodingFilter - [HttpEncodingFilter] destroy
[2021-01-08 09:17:31.808] [main] DEBUG com.icia.web.filter.HttpEncodingFilter - [HttpEncodingFilter] init encoding : UTF-8
[2021-01-08 09:17:32.680] [http-nio-8088-exec-2] DEBUG com.icia.web.filter.HttpEncodingFilter - [HttpEncodingFilter] doFilter
[2021-01-08 09:18:26.640] [http-nio-8088-exec-5] DEBUG com.icia.web.filter.HttpEncodingFilter - [HttpEncodingFilter] doFilter
[2021-01-08 09:18:39.279] [main] DEBUG com.icia.web.filter.HttpEncodingFilter - [HttpEncodingFilter] destroy
[2021-01-08 09:18:41.825] [main] DEBUG com.icia.web.filter.HttpEncodingFilter - [HttpEncodingFilter] init encoding : UTF-8
[2021-01-08 09:18:42.448] [http-nio-8088-exec-2] DEBUG com.icia.web.filter.HttpEncodingFilter - [HttpEncodingFilter] doFilter
[2021-01-08 09:21:27.629] [http-nio-8088-exec-4] DEBUG com.icia.web.filter.HttpEncodingFilter - [HttpEncodingFilter] doFilter
[2021-01-08 09:27:48.448] [http-nio-8088-exec-6] DEBUG com.icia.web.filter.HttpEncodingFilter - [HttpEncodingFilter] doFilter
[2021-01-08 09:28:57.699] [http-nio-8088-exec-8] DEBUG com.icia.web.filter.HttpEncodingFilter - [HttpEncodingFilter] doFilter
[2021-01-08 09:56:39.711] [http-nio-8088-exec-10] DEBUG com.icia.web.filter.HttpEncodingFilter - [HttpEncodingFilter] doFilter
[2021-01-08 09:56:44.302] [http-nio-8088-exec-1] DEBUG com.icia.web.filter.HttpEncodingFilter - [HttpEncodingFilter] doFilter
[2021-01-08 09:57:07.796] [http-nio-8088-exec-3] DEBUG com.icia.web.filter.HttpEncodingFilter - [HttpEncodingFilter] doFilter
[2021-01-08 09:58:40.337] [http-nio-8088-exec-5] DEBUG com.icia.web.filter.HttpEncodingFilter - [HttpEncodingFilter] doFilter
[2021-01-08 09:59:20.013] [http-nio-8088-exec-7] DEBUG com.icia.web.filter.HttpEncodingFilter - [HttpEncodingFilter] doFilter
[2021-01-08 09:59:47.440] [http-nio-8088-exec-9] DEBUG com.icia.web.filter.HttpEncodingFilter - [HttpEncodingFilter] doFilter
[2021-01-08 10:01:09.289] [http-nio-8088-exec-1] DEBUG com.icia.web.filter.HttpEncodingFilter - [HttpEncodingFilter] doFilter
[2021-01-08 10:09:02.349] [http-nio-8088-exec-3] DEBUG com.icia.web.filter.HttpEncodingFilter - [HttpEncodingFilter] doFilter
[2021-01-08 10:09:05.879] [http-nio-8088-exec-4] DEBUG com.icia.web.filter.HttpEncodingFilter - [HttpEncodingFilter] doFilter
[2021-01-08 10:09:11.968] [http-nio-8088-exec-5] DEBUG com.icia.web.filter.HttpEncodingFilter - [HttpEncodingFilter] doFilter
[2021-01-08 10:09:21.981] [http-nio-8088-exec-6] DEBUG com.icia.web.filter.HttpEncodingFilter - [HttpEncodingFilter] doFilter
[2021-01-08 10:10:01.321] [http-nio-8088-exec-8] DEBUG com.icia.web.filter.HttpEncodingFilter - [HttpEncodingFilter] doFilter
[2021-01-08 10:10:13.932] [http-nio-8088-exec-9] DEBUG com.icia.web.filter.HttpEncodingFilter - [HttpEncodingFilter] doFilter
[2021-01-08 10:10:58.960] [http-nio-8088-exec-1] DEBUG com.icia.web.filter.HttpEncodingFilter - [HttpEncodingFilter] doFilter
[2021-01-08 10:11:04.304] [http-nio-8088-exec-2] DEBUG com.icia.web.filter.HttpEncodingFilter - [HttpEncodingFilter] doFilter
[2021-01-08 10:11:47.284] [http-nio-8088-exec-4] DEBUG com.icia.web.filter.HttpEncodingFilter - [HttpEncodingFilter] doFilter
[2021-01-08 10:11:51.798] [http-nio-8088-exec-5] DEBUG com.icia.web.filter.HttpEncodingFilter - [HttpEncodingFilter] doFilter
[2021-01-08 10:18:40.266] [http-nio-8088-exec-7] DEBUG com.icia.web.filter.HttpEncodingFilter - [HttpEncodingFilter] doFilter
[2021-01-08 10:18:47.535] [http-nio-8088-exec-8] DEBUG com.icia.web.filter.HttpEncodingFilter - [HttpEncodingFilter] doFilter
[2021-01-08 10:19:03.695] [http-nio-8088-exec-9] DEBUG com.icia.web.filter.HttpEncodingFilter - [HttpEncodingFilter] doFilter
[2021-01-08 10:33:06.451] [http-nio-8088-exec-1] DEBUG com.icia.web.filter.HttpEncodingFilter - [HttpEncodingFilter] doFilter
[2021-01-08 10:33:26.308] [http-nio-8088-exec-2] DEBUG com.icia.web.filter.HttpEncodingFilter - [HttpEncodingFilter] doFilter
[2021-01-08 10:36:23.946] [http-nio-8088-exec-4] DEBUG com.icia.web.filter.HttpEncodingFilter - [HttpEncodingFilter] doFilter
[2021-01-08 10:48:09.052] [http-nio-8088-exec-6] DEBUG com.icia.web.filter.HttpEncodingFilter - [HttpEncodingFilter] doFilter
[2021-01-08 10:48:59.281] [http-nio-8088-exec-8] DEBUG com.icia.web.filter.HttpEncodingFilter - [HttpEncodingFilter] doFilter
[2021-01-08 10:49:50.140] [http-nio-8088-exec-10] DEBUG com.icia.web.filter.HttpEncodingFilter - [HttpEncodingFilter] doFilter
[2021-01-08 10:50:13.896] [http-nio-8088-exec-2] DEBUG com.icia.web.filter.HttpEncodingFilter - [HttpEncodingFilter] doFilter
[2021-01-08 10:51:04.671] [http-nio-8088-exec-4] DEBUG com.icia.web.filter.HttpEncodingFilter - [HttpEncodingFilter] doFilter
[2021-01-08 10:51:06.960] [http-nio-8088-exec-5] DEBUG com.icia.web.filter.HttpEncodingFilter - [HttpEncodingFilter] doFilter
[2021-01-08 10:51:26.044] [http-nio-8088-exec-6] DEBUG com.icia.web.filter.HttpEncodingFilter - [HttpEncodingFilter] doFilter
[2021-01-08 10:53:10.634] [http-nio-8088-exec-8] DEBUG com.icia.web.filter.HttpEncodingFilter - [HttpEncodingFilter] doFilter
[2021-01-08 10:53:22.052] [http-nio-8088-exec-9] DEBUG com.icia.web.filter.HttpEncodingFilter - [HttpEncodingFilter] doFilter
[2021-01-08 10:54:03.150] [http-nio-8088-exec-1] DEBUG com.icia.web.filter.HttpEncodingFilter - [HttpEncodingFilter] doFilter
[2021-01-08 10:54:14.139] [http-nio-8088-exec-2] DEBUG com.icia.web.filter.HttpEncodingFilter - [HttpEncodingFilter] doFilter
[2021-01-08 10:57:25.132] [http-nio-8088-exec-4] DEBUG com.icia.web.filter.HttpEncodingFilter - [HttpEncodingFilter] doFilter
[2021-01-08 11:01:55.409] [http-nio-8088-exec-6] DEBUG com.icia.web.filter.HttpEncodingFilter - [HttpEncodingFilter] doFilter
[2021-01-08 11:01:57.479] [http-nio-8088-exec-7] DEBUG com.icia.web.filter.HttpEncodingFilter - [HttpEncodingFilter] doFilter
[2021-01-08 11:03:44.083] [http-nio-8088-exec-9] DEBUG com.icia.web.filter.HttpEncodingFilter - [HttpEncodingFilter] doFilter
[2021-01-08 11:03:55.607] [http-nio-8088-exec-10] DEBUG com.icia.web.filter.HttpEncodingFilter - [HttpEncodingFilter] doFilter
[2021-01-08 11:04:15.313] [http-nio-8088-exec-1] DEBUG com.icia.web.filter.HttpEncodingFilter - [HttpEncodingFilter] doFilter
[2021-01-08 11:04:57.857] [http-nio-8088-exec-3] DEBUG com.icia.web.filter.HttpEncodingFilter - [HttpEncodingFilter] doFilter
[2021-01-08 11:05:20.111] [http-nio-8088-exec-5] DEBUG com.icia.web.filter.HttpEncodingFilter - [HttpEncodingFilter] doFilter
[2021-01-08 11:05:39.424] [http-nio-8088-exec-6] DEBUG com.icia.web.filter.HttpEncodingFilter - [HttpEncodingFilter] doFilter
[2021-01-08 11:05:48.038] [http-nio-8088-exec-7] DEBUG com.icia.web.filter.HttpEncodingFilter - [HttpEncodingFilter] doFilter
[2021-01-08 11:06:02.186] [http-nio-8088-exec-8] DEBUG com.icia.web.filter.HttpEncodingFilter - [HttpEncodingFilter] doFilter
[2021-01-08 11:06:10.449] [http-nio-8088-exec-9] DEBUG com.icia.web.filter.HttpEncodingFilter - [HttpEncodingFilter] doFilter
[2021-01-08 11:06:24.207] [http-nio-8088-exec-10] DEBUG com.icia.web.filter.HttpEncodingFilter - [HttpEncodingFilter] doFilter
[2021-01-08 11:06:35.856] [http-nio-8088-exec-1] DEBUG com.icia.web.filter.HttpEncodingFilter - [HttpEncodingFilter] doFilter
[2021-01-08 11:06:42.203] [http-nio-8088-exec-2] DEBUG com.icia.web.filter.HttpEncodingFilter - [HttpEncodingFilter] doFilter
[2021-01-08 11:06:46.673] [http-nio-8088-exec-3] DEBUG com.icia.web.filter.HttpEncodingFilter - [HttpEncodingFilter] doFilter
[2021-01-08 11:06:54.689] [http-nio-8088-exec-4] DEBUG com.icia.web.filter.HttpEncodingFilter - [HttpEncodingFilter] doFilter
[2021-01-08 11:07:00.312] [http-nio-8088-exec-5] DEBUG com.icia.web.filter.HttpEncodingFilter - [HttpEncodingFilter] doFilter
[2021-01-08 11:07:05.838] [http-nio-8088-exec-6] DEBUG com.icia.web.filter.HttpEncodingFilter - [HttpEncodingFilter] doFilter
[2021-01-08 11:07:10.925] [http-nio-8088-exec-7] DEBUG com.icia.web.filter.HttpEncodingFilter - [HttpEncodingFilter] doFilter
[2021-01-08 11:08:38.393] [http-nio-8088-exec-9] DEBUG com.icia.web.filter.HttpEncodingFilter - [HttpEncodingFilter] doFilter
[2021-01-08 11:08:46.984] [http-nio-8088-exec-10] DEBUG com.icia.web.filter.HttpEncodingFilter - [HttpEncodingFilter] doFilter
[2021-01-08 11:09:19.065] [http-nio-8088-exec-2] DEBUG com.icia.web.filter.HttpEncodingFilter - [HttpEncodingFilter] doFilter
[2021-01-08 11:09:24.539] [http-nio-8088-exec-3] DEBUG com.icia.web.filter.HttpEncodingFilter - [HttpEncodingFilter] doFilter
[2021-01-08 11:09:46.919] [http-nio-8088-exec-5] DEBUG com.icia.web.filter.HttpEncodingFilter - [HttpEncodingFilter] doFilter
[2021-01-08 11:10:50.291] [http-nio-8088-exec-7] DEBUG com.icia.web.filter.HttpEncodingFilter - [HttpEncodingFilter] doFilter
[2021-01-08 11:10:58.360] [http-nio-8088-exec-8] DEBUG com.icia.web.filter.HttpEncodingFilter - [HttpEncodingFilter] doFilter
[2021-01-08 11:11:41.584] [http-nio-8088-exec-10] DEBUG com.icia.web.filter.HttpEncodingFilter - [HttpEncodingFilter] doFilter
[2021-01-08 11:11:57.463] [http-nio-8088-exec-1] DEBUG com.icia.web.filter.HttpEncodingFilter - [HttpEncodingFilter] doFilter
[2021-01-08 11:12:27.861] [http-nio-8088-exec-3] DEBUG com.icia.web.filter.HttpEncodingFilter - [HttpEncodingFilter] doFilter
[2021-01-08 11:12:40.540] [http-nio-8088-exec-4] DEBUG com.icia.web.filter.HttpEncodingFilter - [HttpEncodingFilter] doFilter
[2021-01-08 11:13:38.760] [http-nio-8088-exec-6] DEBUG com.icia.web.filter.HttpEncodingFilter - [HttpEncodingFilter] doFilter
[2021-01-08 11:13:47.565] [http-nio-8088-exec-7] DEBUG com.icia.web.filter.HttpEncodingFilter - [HttpEncodingFilter] doFilter
[2021-01-08 11:13:56.408] [http-nio-8088-exec-8] DEBUG com.icia.web.filter.HttpEncodingFilter - [HttpEncodingFilter] doFilter
[2021-01-08 11:15:34.809] [http-nio-8088-exec-10] DEBUG com.icia.web.filter.HttpEncodingFilter - [HttpEncodingFilter] doFilter
[2021-01-08 11:15:41.781] [http-nio-8088-exec-1] DEBUG com.icia.web.filter.HttpEncodingFilter - [HttpEncodingFilter] doFilter
[2021-01-08 11:17:04.887] [http-nio-8088-exec-5] DEBUG com.icia.web.filter.HttpEncodingFilter - [HttpEncodingFilter] doFilter
[2021-01-08 11:17:08.408] [http-nio-8088-exec-6] DEBUG com.icia.web.filter.HttpEncodingFilter - [HttpEncodingFilter] doFilter
[2021-01-08 11:17:48.591] [http-nio-8088-exec-10] DEBUG com.icia.web.filter.HttpEncodingFilter - [HttpEncodingFilter] doFilter
[2021-01-08 11:20:07.208] [http-nio-8088-exec-3] DEBUG com.icia.web.filter.HttpEncodingFilter - [HttpEncodingFilter] doFilter
[2021-01-08 11:20:24.862] [http-nio-8088-exec-4] DEBUG com.icia.web.filter.HttpEncodingFilter - [HttpEncodingFilter] doFilter
[2021-01-08 11:20:48.314] [http-nio-8088-exec-7] DEBUG com.icia.web.filter.HttpEncodingFilter - [HttpEncodingFilter] doFilter
[2021-01-08 11:23:06.504] [http-nio-8088-exec-10] DEBUG com.icia.web.filter.HttpEncodingFilter - [HttpEncodingFilter] doFilter
[2021-01-08 11:23:14.214] [http-nio-8088-exec-1] DEBUG com.icia.web.filter.HttpEncodingFilter - [HttpEncodingFilter] doFilter
[2021-01-08 11:23:23.084] [http-nio-8088-exec-2] DEBUG com.icia.web.filter.HttpEncodingFilter - [HttpEncodingFilter] doFilter
[2021-01-08 11:24:10.239] [http-nio-8088-exec-4] DEBUG com.icia.web.filter.HttpEncodingFilter - [HttpEncodingFilter] doFilter
[2021-01-08 11:24:32.540] [http-nio-8088-exec-6] DEBUG com.icia.web.filter.HttpEncodingFilter - [HttpEncodingFilter] doFilter
[2021-01-08 11:24:39.656] [http-nio-8088-exec-7] DEBUG com.icia.web.filter.HttpEncodingFilter - [HttpEncodingFilter] doFilter
[2021-01-08 11:24:40.124] [http-nio-8088-exec-9] DEBUG com.icia.web.filter.HttpEncodingFilter - [HttpEncodingFilter] doFilter
[2021-01-08 11:24:48.909] [http-nio-8088-exec-8] DEBUG com.icia.web.filter.HttpEncodingFilter - [HttpEncodingFilter] doFilter
[2021-01-08 11:25:24.838] [http-nio-8088-exec-1] DEBUG com.icia.web.filter.HttpEncodingFilter - [HttpEncodingFilter] doFilter
[2021-01-08 11:25:54.091] [http-nio-8088-exec-3] DEBUG com.icia.web.filter.HttpEncodingFilter - [HttpEncodingFilter] doFilter
[2021-01-08 11:26:08.361] [http-nio-8088-exec-4] DEBUG com.icia.web.filter.HttpEncodingFilter - [HttpEncodingFilter] doFilter
[2021-01-08 11:27:19.550] [http-nio-8088-exec-6] DEBUG com.icia.web.filter.HttpEncodingFilter - [HttpEncodingFilter] doFilter
[2021-01-08 11:27:48.748] [http-nio-8088-exec-9] DEBUG com.icia.web.filter.HttpEncodingFilter - [HttpEncodingFilter] doFilter
[2021-01-08 11:29:26.822] [http-nio-8088-exec-10] DEBUG com.icia.web.filter.HttpEncodingFilter - [HttpEncodingFilter] doFilter
[2021-01-08 11:29:49.045] [http-nio-8088-exec-2] DEBUG com.icia.web.filter.HttpEncodingFilter - [HttpEncodingFilter] doFilter
[2021-01-08 11:30:02.776] [http-nio-8088-exec-3] DEBUG com.icia.web.filter.HttpEncodingFilter - [HttpEncodingFilter] doFilter
[2021-01-08 11:30:14.001] [http-nio-8088-exec-4] DEBUG com.icia.web.filter.HttpEncodingFilter - [HttpEncodingFilter] doFilter
[2021-01-08 11:40:00.075] [http-nio-8088-exec-6] DEBUG com.icia.web.filter.HttpEncodingFilter - [HttpEncodingFilter] doFilter
[2021-01-08 11:40:06.705] [http-nio-8088-exec-7] DEBUG com.icia.web.filter.HttpEncodingFilter - [HttpEncodingFilter] doFilter
[2021-01-08 11:45:15.772] [http-nio-8088-exec-8] DEBUG com.icia.web.filter.HttpEncodingFilter - [HttpEncodingFilter] doFilter
[2021-01-08 11:48:27.149] [http-nio-8088-exec-2] DEBUG com.icia.web.filter.HttpEncodingFilter - [HttpEncodingFilter] doFilter
[2021-01-08 11:49:30.899] [http-nio-8088-exec-4] DEBUG com.icia.web.filter.HttpEncodingFilter - [HttpEncodingFilter] doFilter
[2021-01-08 11:49:49.097] [http-nio-8088-exec-5] DEBUG com.icia.web.filter.HttpEncodingFilter - [HttpEncodingFilter] doFilter
[2021-01-08 11:49:58.660] [http-nio-8088-exec-6] DEBUG com.icia.web.filter.HttpEncodingFilter - [HttpEncodingFilter] doFilter
[2021-01-08 11:50:09.994] [http-nio-8088-exec-7] DEBUG com.icia.web.filter.HttpEncodingFilter - [HttpEncodingFilter] doFilter
[2021-01-08 11:50:17.745] [http-nio-8088-exec-9] DEBUG com.icia.web.filter.HttpEncodingFilter - [HttpEncodingFilter] doFilter
[2021-01-08 11:57:26.660] [http-nio-8088-exec-1] DEBUG com.icia.web.filter.HttpEncodingFilter - [HttpEncodingFilter] doFilter
[2021-01-08 11:57:33.740] [http-nio-8088-exec-10] DEBUG com.icia.web.filter.HttpEncodingFilter - [HttpEncodingFilter] doFilter
[2021-01-08 11:57:46.785] [http-nio-8088-exec-2] DEBUG com.icia.web.filter.HttpEncodingFilter - [HttpEncodingFilter] doFilter
[2021-01-08 11:57:50.933] [Thread-2] DEBUG com.icia.web.filter.HttpEncodingFilter - [HttpEncodingFilter] destroy
[2021-01-08 11:58:23.871] [main] DEBUG com.icia.web.filter.HttpEncodingFilter - [HttpEncodingFilter] init encoding : UTF-8
[2021-01-08 11:58:24.402] [http-nio-8088-exec-2] DEBUG com.icia.web.filter.HttpEncodingFilter - [HttpEncodingFilter] doFilter
[2021-01-08 11:59:11.065] [http-nio-8088-exec-5] DEBUG com.icia.web.filter.HttpEncodingFilter - [HttpEncodingFilter] doFilter
[2021-01-08 11:59:22.290] [http-nio-8088-exec-6] DEBUG com.icia.web.filter.HttpEncodingFilter - [HttpEncodingFilter] doFilter
[2021-01-08 11:59:46.807] [http-nio-8088-exec-8] DEBUG com.icia.web.filter.HttpEncodingFilter - [HttpEncodingFilter] doFilter
[2021-01-08 11:59:57.893] [http-nio-8088-exec-9] DEBUG com.icia.web.filter.HttpEncodingFilter - [HttpEncodingFilter] doFilter
[2021-01-08 12:07:39.411] [http-nio-8088-exec-1] DEBUG com.icia.web.filter.HttpEncodingFilter - [HttpEncodingFilter] doFilter
[2021-01-08 12:08:00.498] [http-nio-8088-exec-3] DEBUG com.icia.web.filter.HttpEncodingFilter - [HttpEncodingFilter] doFilter
[2021-01-08 12:08:07.033] [http-nio-8088-exec-4] DEBUG com.icia.web.filter.HttpEncodingFilter - [HttpEncodingFilter] doFilter
[2021-01-08 12:08:34.794] [http-nio-8088-exec-6] DEBUG com.icia.web.filter.HttpEncodingFilter - [HttpEncodingFilter] doFilter
[2021-01-08 12:08:39.065] [http-nio-8088-exec-7] DEBUG com.icia.web.filter.HttpEncodingFilter - [HttpEncodingFilter] doFilter
[2021-01-08 12:09:18.689] [http-nio-8088-exec-9] DEBUG com.icia.web.filter.HttpEncodingFilter - [HttpEncodingFilter] doFilter
[2021-01-08 12:09:24.999] [http-nio-8088-exec-10] DEBUG com.icia.web.filter.HttpEncodingFilter - [HttpEncodingFilter] doFilter
[2021-01-08 12:11:08.111] [http-nio-8088-exec-2] DEBUG com.icia.web.filter.HttpEncodingFilter - [HttpEncodingFilter] doFilter
[2021-01-08 12:11:13.486] [http-nio-8088-exec-3] DEBUG com.icia.web.filter.HttpEncodingFilter - [HttpEncodingFilter] doFilter
[2021-01-08 12:11:35.961] [http-nio-8088-exec-4] DEBUG com.icia.web.filter.HttpEncodingFilter - [HttpEncodingFilter] doFilter
[2021-01-08 12:11:39.456] [http-nio-8088-exec-5] DEBUG com.icia.web.filter.HttpEncodingFilter - [HttpEncodingFilter] doFilter
[2021-01-08 12:12:23.959] [http-nio-8088-exec-7] DEBUG com.icia.web.filter.HttpEncodingFilter - [HttpEncodingFilter] doFilter
[2021-01-08 12:12:54.860] [Thread-2] DEBUG com.icia.web.filter.HttpEncodingFilter - [HttpEncodingFilter] destroy
[2021-01-08 12:13:09.749] [main] DEBUG com.icia.web.filter.HttpEncodingFilter - [HttpEncodingFilter] init encoding : UTF-8
[2021-01-08 12:13:10.311] [http-nio-8088-exec-2] DEBUG com.icia.web.filter.HttpEncodingFilter - [HttpEncodingFilter] doFilter
[2021-01-08 12:13:24.340] [http-nio-8088-exec-3] DEBUG com.icia.web.filter.HttpEncodingFilter - [HttpEncodingFilter] doFilter
[2021-01-08 12:15:00.930] [Thread-2] DEBUG com.icia.web.filter.HttpEncodingFilter - [HttpEncodingFilter] destroy
[2021-01-08 14:33:10.839] [main] DEBUG com.icia.web.filter.HttpEncodingFilter - [HttpEncodingFilter] init encoding : UTF-8
[2021-01-08 14:33:11.394] [http-nio-8088-exec-2] DEBUG com.icia.web.filter.HttpEncodingFilter - [HttpEncodingFilter] doFilter
[2021-01-08 14:35:23.225] [Thread-2] DEBUG com.icia.web.filter.HttpEncodingFilter - [HttpEncodingFilter] destroy
[2021-01-08 14:36:27.368] [main] DEBUG com.icia.web.filter.HttpEncodingFilter - [HttpEncodingFilter] init encoding : UTF-8
[2021-01-08 14:36:27.921] [http-nio-8088-exec-2] DEBUG com.icia.web.filter.HttpEncodingFilter - [HttpEncodingFilter] doFilter
[2021-01-08 14:37:33.796] [Thread-2] DEBUG com.icia.web.filter.HttpEncodingFilter - [HttpEncodingFilter] destroy
[2021-01-08 14:37:46.466] [main] DEBUG com.icia.web.filter.HttpEncodingFilter - [HttpEncodingFilter] init encoding : UTF-8
[2021-01-08 14:37:47.006] [http-nio-8088-exec-2] DEBUG com.icia.web.filter.HttpEncodingFilter - [HttpEncodingFilter] doFilter
[2021-01-08 14:39:54.485] [Thread-2] DEBUG com.icia.web.filter.HttpEncodingFilter - [HttpEncodingFilter] destroy
[2021-01-08 14:42:09.631] [main] DEBUG com.icia.web.filter.HttpEncodingFilter - [HttpEncodingFilter] init encoding : UTF-8
[2021-01-08 14:42:10.230] [http-nio-8088-exec-2] DEBUG com.icia.web.filter.HttpEncodingFilter - [HttpEncodingFilter] doFilter
[2021-01-08 14:43:19.873] [http-nio-8088-exec-5] DEBUG com.icia.web.filter.HttpEncodingFilter - [HttpEncodingFilter] doFilter
[2021-01-08 14:43:59.100] [Thread-2] DEBUG com.icia.web.filter.HttpEncodingFilter - [HttpEncodingFilter] destroy
[2021-01-08 15:53:40.595] [main] DEBUG com.icia.web.filter.HttpEncodingFilter - [HttpEncodingFilter] init encoding : UTF-8
[2021-01-08 15:53:41.274] [http-nio-8088-exec-2] DEBUG com.icia.web.filter.HttpEncodingFilter - [HttpEncodingFilter] doFilter
[2021-01-08 15:58:29.638] [http-nio-8088-exec-4] DEBUG com.icia.web.filter.HttpEncodingFilter - [HttpEncodingFilter] doFilter
[2021-01-08 16:02:11.306] [http-nio-8088-exec-6] DEBUG com.icia.web.filter.HttpEncodingFilter - [HttpEncodingFilter] doFilter
[2021-01-08 16:02:32.989] [http-nio-8088-exec-7] DEBUG com.icia.web.filter.HttpEncodingFilter - [HttpEncodingFilter] doFilter
[2021-01-08 16:35:31.742] [Thread-2] DEBUG com.icia.web.filter.HttpEncodingFilter - [HttpEncodingFilter] destroy
[2021-01-08 16:36:05.361] [main] DEBUG com.icia.web.filter.HttpEncodingFilter - [HttpEncodingFilter] init encoding : UTF-8
[2021-01-08 16:36:05.939] [http-nio-8088-exec-2] DEBUG com.icia.web.filter.HttpEncodingFilter - [HttpEncodingFilter] doFilter
[2021-01-08 16:36:10.607] [http-nio-8088-exec-3] DEBUG com.icia.web.filter.HttpEncodingFilter - [HttpEncodingFilter] doFilter
[2021-01-08 16:37:22.689] [Thread-2] DEBUG com.icia.web.filter.HttpEncodingFilter - [HttpEncodingFilter] destroy
[2021-01-10 11:40:18.015] [main] DEBUG com.icia.web.filter.HttpEncodingFilter - [HttpEncodingFilter] init encoding : UTF-8
[2021-01-10 11:40:18.688] [http-nio-8088-exec-2] DEBUG com.icia.web.filter.HttpEncodingFilter - [HttpEncodingFilter] doFilter
[2021-01-10 11:41:41.180] [http-nio-8088-exec-5] DEBUG com.icia.web.filter.HttpEncodingFilter - [HttpEncodingFilter] doFilter
[2021-01-10 11:41:42.134] [http-nio-8088-exec-6] DEBUG com.icia.web.filter.HttpEncodingFilter - [HttpEncodingFilter] doFilter
[2021-01-10 11:42:04.544] [http-nio-8088-exec-8] DEBUG com.icia.web.filter.HttpEncodingFilter - [HttpEncodingFilter] doFilter
[2021-01-10 11:42:29.260] [Thread-2] DEBUG com.icia.web.filter.HttpEncodingFilter - [HttpEncodingFilter] destroy
[2021-01-11 15:54:32.068] [main] DEBUG com.icia.web.filter.HttpEncodingFilter - [HttpEncodingFilter] init encoding : UTF-8
[2021-01-11 15:58:05.335] [Thread-2] DEBUG com.icia.web.filter.HttpEncodingFilter - [HttpEncodingFilter] destroy
[2021-01-11 16:05:50.364] [main] DEBUG com.icia.web.filter.HttpEncodingFilter - [HttpEncodingFilter] init encoding : UTF-8
[2021-01-11 16:07:13.676] [Thread-2] DEBUG com.icia.web.filter.HttpEncodingFilter - [HttpEncodingFilter] destroy
[2021-01-11 16:13:34.551] [main] DEBUG com.icia.web.filter.HttpEncodingFilter - [HttpEncodingFilter] init encoding : UTF-8
[2021-01-11 16:17:50.095] [Thread-2] DEBUG com.icia.web.filter.HttpEncodingFilter - [HttpEncodingFilter] destroy
[2021-01-11 16:36:23.403] [main] DEBUG com.icia.web.filter.HttpEncodingFilter - [HttpEncodingFilter] init encoding : UTF-8
[2021-01-11 16:47:12.454] [Thread-2] DEBUG com.icia.web.filter.HttpEncodingFilter - [HttpEncodingFilter] destroy
[2021-01-11 18:36:25.942] [main] DEBUG com.icia.web.filter.HttpEncodingFilter - [HttpEncodingFilter] init encoding : UTF-8
[2021-01-11 18:36:38.601] [main] DEBUG com.icia.web.filter.HttpEncodingFilter - [HttpEncodingFilter] destroy
[2021-01-11 18:59:19.200] [main] DEBUG com.icia.web.filter.HttpEncodingFilter - [HttpEncodingFilter] init encoding : UTF-8
[2021-01-11 18:59:42.863] [Thread-2] DEBUG com.icia.web.filter.HttpEncodingFilter - [HttpEncodingFilter] destroy
[2021-01-11 19:00:09.267] [main] DEBUG com.icia.web.filter.HttpEncodingFilter - [HttpEncodingFilter] init encoding : UTF-8
[2021-01-11 19:09:42.543] [Thread-2] DEBUG com.icia.web.filter.HttpEncodingFilter - [HttpEncodingFilter] destroy
[2021-01-11 19:12:15.986] [main] DEBUG com.icia.web.filter.HttpEncodingFilter - [HttpEncodingFilter] init encoding : UTF-8
[2021-01-11 19:12:20.400] [main] DEBUG com.icia.web.filter.HttpEncodingFilter - [HttpEncodingFilter] destroy
[2021-01-11 19:38:55.046] [main] DEBUG com.icia.web.filter.HttpEncodingFilter - [HttpEncodingFilter] init encoding : UTF-8
[2021-01-11 19:39:09.974] [main] DEBUG com.icia.web.filter.HttpEncodingFilter - [HttpEncodingFilter] destroy
[2021-01-11 19:40:12.815] [main] DEBUG com.icia.web.filter.HttpEncodingFilter - [HttpEncodingFilter] init encoding : UTF-8
[2021-01-11 19:41:32.079] [Thread-2] DEBUG com.icia.web.filter.HttpEncodingFilter - [HttpEncodingFilter] destroy
[2021-01-11 19:49:32.075] [main] DEBUG com.icia.web.filter.HttpEncodingFilter - [HttpEncodingFilter] init encoding : UTF-8
[2021-01-11 19:50:36.211] [Thread-2] DEBUG com.icia.web.filter.HttpEncodingFilter - [HttpEncodingFilter] destroy
[2021-01-11 19:55:13.534] [main] DEBUG com.icia.web.filter.HttpEncodingFilter - [HttpEncodingFilter] init encoding : UTF-8
[2021-01-11 19:55:31.296] [Thread-2] DEBUG com.icia.web.filter.HttpEncodingFilter - [HttpEncodingFilter] destroy
[2021-01-11 19:55:45.395] [main] DEBUG com.icia.web.filter.HttpEncodingFilter - [HttpEncodingFilter] init encoding : UTF-8
[2021-01-11 19:55:52.563] [Thread-2] DEBUG com.icia.web.filter.HttpEncodingFilter - [HttpEncodingFilter] destroy
[2021-01-11 19:56:11.314] [main] DEBUG com.icia.web.filter.HttpEncodingFilter - [HttpEncodingFilter] init encoding : UTF-8
[2021-01-11 19:56:20.540] [Thread-2] DEBUG com.icia.web.filter.HttpEncodingFilter - [HttpEncodingFilter] destroy
[2021-01-11 19:56:38.190] [main] DEBUG com.icia.web.filter.HttpEncodingFilter - [HttpEncodingFilter] init encoding : UTF-8
[2021-01-11 19:56:48.603] [Thread-2] DEBUG com.icia.web.filter.HttpEncodingFilter - [HttpEncodingFilter] destroy
[2021-01-11 19:57:05.468] [main] DEBUG com.icia.web.filter.HttpEncodingFilter - [HttpEncodingFilter] init encoding : UTF-8
[2021-01-11 19:58:05.454] [Thread-2] DEBUG com.icia.web.filter.HttpEncodingFilter - [HttpEncodingFilter] destroy
[2021-01-11 19:58:18.068] [main] DEBUG com.icia.web.filter.HttpEncodingFilter - [HttpEncodingFilter] init encoding : UTF-8
[2021-01-11 19:58:18.681] [http-nio-8088-exec-2] DEBUG com.icia.web.filter.HttpEncodingFilter - [HttpEncodingFilter] doFilter
[2021-01-11 19:58:23.175] [Thread-2] DEBUG com.icia.web.filter.HttpEncodingFilter - [HttpEncodingFilter] destroy
[2021-01-11 19:58:36.532] [main] DEBUG com.icia.web.filter.HttpEncodingFilter - [HttpEncodingFilter] init encoding : UTF-8
[2021-01-11 19:59:53.018] [Thread-2] DEBUG com.icia.web.filter.HttpEncodingFilter - [HttpEncodingFilter] destroy
[2021-01-11 20:03:43.336] [main] DEBUG com.icia.web.filter.HttpEncodingFilter - [HttpEncodingFilter] init encoding : UTF-8
[2021-01-11 20:03:53.533] [main] DEBUG com.icia.web.filter.HttpEncodingFilter - [HttpEncodingFilter] destroy
[2021-01-11 20:41:49.410] [main] DEBUG com.icia.web.filter.HttpEncodingFilter - [HttpEncodingFilter] init encoding : UTF-8
[2021-01-11 20:47:27.485] [Thread-2] DEBUG com.icia.web.filter.HttpEncodingFilter - [HttpEncodingFilter] destroy
[2021-01-11 20:50:33.331] [main] DEBUG com.icia.web.filter.HttpEncodingFilter - [HttpEncodingFilter] init encoding : UTF-8
[2021-01-11 20:50:34.068] [http-nio-8088-exec-2] DEBUG com.icia.web.filter.HttpEncodingFilter - [HttpEncodingFilter] doFilter
[2021-01-11 20:51:26.378] [Thread-2] DEBUG com.icia.web.filter.HttpEncodingFilter - [HttpEncodingFilter] destroy
[2021-01-11 21:00:03.744] [main] DEBUG com.icia.web.filter.HttpEncodingFilter - [HttpEncodingFilter] init encoding : UTF-8
[2021-01-11 21:01:02.997] [Thread-2] DEBUG com.icia.web.filter.HttpEncodingFilter - [HttpEncodingFilter] destroy
[2021-01-11 21:01:18.434] [main] DEBUG com.icia.web.filter.HttpEncodingFilter - [HttpEncodingFilter] init encoding : UTF-8
[2021-01-11 21:01:32.204] [Thread-2] DEBUG com.icia.web.filter.HttpEncodingFilter - [HttpEncodingFilter] destroy
[2021-01-11 21:03:36.949] [main] DEBUG com.icia.web.filter.HttpEncodingFilter - [HttpEncodingFilter] init encoding : UTF-8
[2021-01-11 21:05:51.495] [Thread-2] DEBUG com.icia.web.filter.HttpEncodingFilter - [HttpEncodingFilter] destroy
[2021-01-11 21:06:11.027] [main] DEBUG com.icia.web.filter.HttpEncodingFilter - [HttpEncodingFilter] init encoding : UTF-8
[2021-01-11 21:10:03.944] [Thread-2] DEBUG com.icia.web.filter.HttpEncodingFilter - [HttpEncodingFilter] destroy
[2021-01-11 21:10:18.211] [main] DEBUG com.icia.web.filter.HttpEncodingFilter - [HttpEncodingFilter] init encoding : UTF-8
[2021-01-11 21:11:17.043] [Thread-2] DEBUG com.icia.web.filter.HttpEncodingFilter - [HttpEncodingFilter] destroy
[2021-01-11 21:11:37.782] [main] DEBUG com.icia.web.filter.HttpEncodingFilter - [HttpEncodingFilter] init encoding : UTF-8
[2021-01-11 21:12:05.328] [Thread-2] DEBUG com.icia.web.filter.HttpEncodingFilter - [HttpEncodingFilter] destroy
[2021-01-11 21:16:25.121] [main] DEBUG com.icia.web.filter.HttpEncodingFilter - [HttpEncodingFilter] init encoding : UTF-8
[2021-01-11 21:17:30.579] [Thread-2] DEBUG com.icia.web.filter.HttpEncodingFilter - [HttpEncodingFilter] destroy
[2021-01-11 21:17:47.672] [main] DEBUG com.icia.web.filter.HttpEncodingFilter - [HttpEncodingFilter] init encoding : UTF-8
[2021-01-11 21:17:48.286] [http-nio-8088-exec-2] DEBUG com.icia.web.filter.HttpEncodingFilter - [HttpEncodingFilter] doFilter
[2021-01-11 21:18:17.230] [http-nio-8088-exec-5] DEBUG com.icia.web.filter.HttpEncodingFilter - [HttpEncodingFilter] doFilter
[2021-01-11 21:18:21.167] [Thread-2] DEBUG com.icia.web.filter.HttpEncodingFilter - [HttpEncodingFilter] destroy
[2021-01-11 21:18:31.189] [main] DEBUG com.icia.web.filter.HttpEncodingFilter - [HttpEncodingFilter] init encoding : UTF-8
[2021-01-11 21:18:32.148] [http-nio-8088-exec-1] DEBUG com.icia.web.filter.HttpEncodingFilter - [HttpEncodingFilter] doFilter
[2021-01-11 21:18:33.284] [http-nio-8088-exec-2] DEBUG com.icia.web.filter.HttpEncodingFilter - [HttpEncodingFilter] doFilter
[2021-01-11 21:19:03.585] [http-nio-8088-exec-5] DEBUG com.icia.web.filter.HttpEncodingFilter - [HttpEncodingFilter] doFilter
[2021-01-11 21:19:03.684] [http-nio-8088-exec-6] DEBUG com.icia.web.filter.HttpEncodingFilter - [HttpEncodingFilter] doFilter
[2021-01-11 21:19:08.420] [Thread-2] DEBUG com.icia.web.filter.HttpEncodingFilter - [HttpEncodingFilter] destroy
[2021-01-11 21:25:25.497] [main] DEBUG com.icia.web.filter.HttpEncodingFilter - [HttpEncodingFilter] init encoding : UTF-8
[2021-01-11 21:25:57.350] [main] DEBUG com.icia.web.filter.HttpEncodingFilter - [HttpEncodingFilter] destroy
[2021-01-11 21:35:13.884] [main] DEBUG com.icia.web.filter.HttpEncodingFilter - [HttpEncodingFilter] init encoding : UTF-8
[2021-01-11 21:35:22.983] [Thread-2] DEBUG com.icia.web.filter.HttpEncodingFilter - [HttpEncodingFilter] destroy
[2021-01-12 10:21:59.495] [main] DEBUG com.icia.web.filter.HttpEncodingFilter - [HttpEncodingFilter] init encoding : UTF-8
[2021-01-12 10:25:17.848] [Thread-2] DEBUG com.icia.web.filter.HttpEncodingFilter - [HttpEncodingFilter] destroy
[2021-01-12 10:25:30.885] [main] DEBUG com.icia.web.filter.HttpEncodingFilter - [HttpEncodingFilter] init encoding : UTF-8
[2021-01-12 10:25:31.858] [http-nio-8088-exec-1] DEBUG com.icia.web.filter.HttpEncodingFilter - [HttpEncodingFilter] doFilter
[2021-01-12 10:25:32.372] [http-nio-8088-exec-3] DEBUG com.icia.web.filter.HttpEncodingFilter - [HttpEncodingFilter] doFilter
[2021-01-12 10:25:32.376] [http-nio-8088-exec-4] DEBUG com.icia.web.filter.HttpEncodingFilter - [HttpEncodingFilter] doFilter
[2021-01-12 10:25:50.899] [Thread-2] DEBUG com.icia.web.filter.HttpEncodingFilter - [HttpEncodingFilter] destroy
[2021-01-12 10:26:00.712] [main] DEBUG com.icia.web.filter.HttpEncodingFilter - [HttpEncodingFilter] init encoding : UTF-8
[2021-01-12 10:33:23.634] [Thread-2] DEBUG com.icia.web.filter.HttpEncodingFilter - [HttpEncodingFilter] destroy
[2021-01-12 10:36:17.076] [main] DEBUG com.icia.web.filter.HttpEncodingFilter - [HttpEncodingFilter] init encoding : UTF-8
[2021-01-12 10:36:23.373] [main] DEBUG com.icia.web.filter.HttpEncodingFilter - [HttpEncodingFilter] destroy
[2021-01-12 10:37:32.964] [main] DEBUG com.icia.web.filter.HttpEncodingFilter - [HttpEncodingFilter] init encoding : UTF-8
[2021-01-12 10:37:36.542] [main] DEBUG com.icia.web.filter.HttpEncodingFilter - [HttpEncodingFilter] destroy
[2021-01-12 10:39:36.748] [main] DEBUG com.icia.web.filter.HttpEncodingFilter - [HttpEncodingFilter] init encoding : UTF-8
[2021-01-12 10:39:43.803] [main] DEBUG com.icia.web.filter.HttpEncodingFilter - [HttpEncodingFilter] destroy
[2021-01-12 10:40:44.845] [main] DEBUG com.icia.web.filter.HttpEncodingFilter - [HttpEncodingFilter] init encoding : UTF-8
[2021-01-12 10:40:48.608] [main] DEBUG com.icia.web.filter.HttpEncodingFilter - [HttpEncodingFilter] destroy
[2021-01-12 10:45:47.398] [main] DEBUG com.icia.web.filter.HttpEncodingFilter - [HttpEncodingFilter] init encoding : UTF-8
[2021-01-12 10:46:26.234] [Thread-2] DEBUG com.icia.web.filter.HttpEncodingFilter - [HttpEncodingFilter] destroy
[2021-01-12 10:49:11.336] [main] DEBUG com.icia.web.filter.HttpEncodingFilter - [HttpEncodingFilter] init encoding : UTF-8
[2021-01-12 10:49:15.124] [main] DEBUG com.icia.web.filter.HttpEncodingFilter - [HttpEncodingFilter] destroy
[2021-01-12 11:16:34.892] [main] DEBUG com.icia.web.filter.HttpEncodingFilter - [HttpEncodingFilter] init encoding : UTF-8
[2021-01-12 11:16:48.238] [main] DEBUG com.icia.web.filter.HttpEncodingFilter - [HttpEncodingFilter] destroy
[2021-01-13 15:35:46.175] [main] DEBUG com.icia.web.filter.HttpEncodingFilter - [HttpEncodingFilter] init encoding : UTF-8
[2021-01-13 15:38:37.039] [Thread-2] DEBUG com.icia.web.filter.HttpEncodingFilter - [HttpEncodingFilter] destroy
[2021-01-13 15:38:48.969] [main] DEBUG com.icia.web.filter.HttpEncodingFilter - [HttpEncodingFilter] init encoding : UTF-8
[2021-01-13 15:41:39.626] [Thread-2] DEBUG com.icia.web.filter.HttpEncodingFilter - [HttpEncodingFilter] destroy
[2021-01-13 15:45:05.975] [main] DEBUG com.icia.web.filter.HttpEncodingFilter - [HttpEncodingFilter] init encoding : UTF-8
[2021-01-13 16:04:32.768] [Thread-2] DEBUG com.icia.web.filter.HttpEncodingFilter - [HttpEncodingFilter] destroy
[2021-01-13 16:04:43.193] [main] DEBUG com.icia.web.filter.HttpEncodingFilter - [HttpEncodingFilter] init encoding : UTF-8
[2021-01-13 16:10:08.204] [Thread-2] DEBUG com.icia.web.filter.HttpEncodingFilter - [HttpEncodingFilter] destroy
[2021-01-13 16:11:20.090] [main] DEBUG com.icia.web.filter.HttpEncodingFilter - [HttpEncodingFilter] init encoding : UTF-8
[2021-01-13 16:11:53.155] [main] DEBUG com.icia.web.filter.HttpEncodingFilter - [HttpEncodingFilter] destroy
[2021-01-13 16:12:05.656] [main] DEBUG com.icia.web.filter.HttpEncodingFilter - [HttpEncodingFilter] init encoding : UTF-8
[2021-01-13 16:12:34.536] [Thread-2] DEBUG com.icia.web.filter.HttpEncodingFilter - [HttpEncodingFilter] destroy
[2021-01-13 16:12:38.955] [main] DEBUG com.icia.web.filter.HttpEncodingFilter - [HttpEncodingFilter] init encoding : UTF-8
[2021-01-13 16:13:01.816] [main] DEBUG com.icia.web.filter.HttpEncodingFilter - [HttpEncodingFilter] destroy
[2021-01-13 16:13:11.354] [main] DEBUG com.icia.web.filter.HttpEncodingFilter - [HttpEncodingFilter] init encoding : UTF-8
[2021-01-13 16:14:11.335] [Thread-2] DEBUG com.icia.web.filter.HttpEncodingFilter - [HttpEncodingFilter] destroy
[2021-01-13 16:15:22.871] [main] DEBUG com.icia.web.filter.HttpEncodingFilter - [HttpEncodingFilter] init encoding : UTF-8
[2021-01-13 16:15:32.010] [Thread-2] DEBUG com.icia.web.filter.HttpEncodingFilter - [HttpEncodingFilter] destroy
[2021-01-13 16:17:02.593] [main] DEBUG com.icia.web.filter.HttpEncodingFilter - [HttpEncodingFilter] init encoding : UTF-8
[2021-01-13 16:17:23.598] [Thread-2] DEBUG com.icia.web.filter.HttpEncodingFilter - [HttpEncodingFilter] destroy
[2021-01-13 16:25:25.246] [main] DEBUG com.icia.web.filter.HttpEncodingFilter - [HttpEncodingFilter] init encoding : UTF-8
[2021-01-13 16:30:13.096] [Thread-2] DEBUG com.icia.web.filter.HttpEncodingFilter - [HttpEncodingFilter] destroy
[2021-01-13 16:31:52.825] [main] DEBUG com.icia.web.filter.HttpEncodingFilter - [HttpEncodingFilter] init encoding : UTF-8
[2021-01-13 16:32:31.660] [Thread-2] DEBUG com.icia.web.filter.HttpEncodingFilter - [HttpEncodingFilter] destroy
[2021-01-13 16:39:51.114] [main] DEBUG com.icia.web.filter.HttpEncodingFilter - [HttpEncodingFilter] init encoding : UTF-8
[2021-01-13 16:43:57.170] [Thread-2] DEBUG com.icia.web.filter.HttpEncodingFilter - [HttpEncodingFilter] destroy
[2021-01-13 16:50:06.354] [main] DEBUG com.icia.web.filter.HttpEncodingFilter - [HttpEncodingFilter] init encoding : UTF-8
[2021-01-13 17:11:49.164] [Thread-2] DEBUG com.icia.web.filter.HttpEncodingFilter - [HttpEncodingFilter] destroy
[2021-01-13 23:20:14.127] [main] DEBUG com.icia.web.filter.HttpEncodingFilter - [HttpEncodingFilter] init encoding : UTF-8
[2021-01-13 23:23:12.886] [Thread-2] DEBUG com.icia.web.filter.HttpEncodingFilter - [HttpEncodingFilter] destroy
[2021-01-13 23:23:24.444] [main] DEBUG com.icia.web.filter.HttpEncodingFilter - [HttpEncodingFilter] init encoding : UTF-8
[2021-01-13 23:37:17.150] [Thread-2] DEBUG com.icia.web.filter.HttpEncodingFilter - [HttpEncodingFilter] destroy
[2021-01-13 23:37:33.455] [main] DEBUG com.icia.web.filter.HttpEncodingFilter - [HttpEncodingFilter] init encoding : UTF-8
[2021-01-13 23:38:08.633] [Thread-2] DEBUG com.icia.web.filter.HttpEncodingFilter - [HttpEncodingFilter] destroy
[2021-01-13 23:41:06.411] [main] DEBUG com.icia.web.filter.HttpEncodingFilter - [HttpEncodingFilter] init encoding : UTF-8
[2021-01-13 23:42:52.020] [Thread-2] DEBUG com.icia.web.filter.HttpEncodingFilter - [HttpEncodingFilter] destroy
[2021-01-13 23:46:07.087] [main] DEBUG com.icia.web.filter.HttpEncodingFilter - [HttpEncodingFilter] init encoding : UTF-8
[2021-01-13 23:46:24.538] [main] DEBUG com.icia.web.filter.HttpEncodingFilter - [HttpEncodingFilter] destroy
[2021-01-13 23:46:27.407] [main] DEBUG com.icia.web.filter.HttpEncodingFilter - [HttpEncodingFilter] init encoding : UTF-8
[2021-01-13 23:46:33.850] [Thread-2] DEBUG com.icia.web.filter.HttpEncodingFilter - [HttpEncodingFilter] destroy
[2021-01-15 13:23:55.940] [main] DEBUG com.icia.web.filter.HttpEncodingFilter - [HttpEncodingFilter] init encoding : UTF-8
[2021-01-15 13:38:51.278] [Thread-2] DEBUG com.icia.web.filter.HttpEncodingFilter - [HttpEncodingFilter] destroy
[2021-01-17 23:40:30.232] [main] DEBUG com.icia.web.filter.HttpEncodingFilter - [HttpEncodingFilter] init encoding : UTF-8
[2021-01-17 23:40:31.454] [http-nio-8088-exec-2] DEBUG com.icia.web.filter.HttpEncodingFilter - [HttpEncodingFilter] doFilter
[2021-01-18 00:07:14.655] [Thread-2] DEBUG com.icia.web.filter.HttpEncodingFilter - [HttpEncodingFilter] destroy
[2021-01-18 00:07:36.073] [main] DEBUG com.icia.web.filter.HttpEncodingFilter - [HttpEncodingFilter] init encoding : UTF-8
[2021-01-18 08:49:45.347] [main] DEBUG com.icia.web.filter.HttpEncodingFilter - [HttpEncodingFilter] destroy
[2021-01-18 19:39:22.465] [main] DEBUG com.icia.web.filter.HttpEncodingFilter - [HttpEncodingFilter] init encoding : UTF-8
[2021-01-18 20:02:40.416] [Thread-2] DEBUG com.icia.web.filter.HttpEncodingFilter - [HttpEncodingFilter] destroy
[2021-01-18 20:02:54.008] [main] DEBUG com.icia.web.filter.HttpEncodingFilter - [HttpEncodingFilter] init encoding : UTF-8
[2021-01-18 20:44:53.114] [Thread-2] DEBUG com.icia.web.filter.HttpEncodingFilter - [HttpEncodingFilter] destroy
[2021-01-18 20:45:25.362] [main] DEBUG com.icia.web.filter.HttpEncodingFilter - [HttpEncodingFilter] init encoding : UTF-8
[2021-01-19 11:46:16.941] [Thread-2] DEBUG com.icia.web.filter.HttpEncodingFilter - [HttpEncodingFilter] destroy
[2021-01-20 10:54:09.159] [main] DEBUG com.icia.web.filter.HttpEncodingFilter - [HttpEncodingFilter] init encoding : UTF-8
[2021-01-20 13:08:30.894] [Thread-2] DEBUG com.icia.web.filter.HttpEncodingFilter - [HttpEncodingFilter] destroy
[2021-01-20 21:53:10.676] [main] DEBUG com.icia.web.filter.HttpEncodingFilter - [HttpEncodingFilter] init encoding : UTF-8
[2021-01-20 21:53:39.823] [Thread-2] DEBUG com.icia.web.filter.HttpEncodingFilter - [HttpEncodingFilter] destroy
[2021-01-22 11:52:05.729] [main] DEBUG com.icia.web.filter.HttpEncodingFilter - [HttpEncodingFilter] init encoding : UTF-8
[2021-01-22 13:04:02.434] [Thread-2] DEBUG com.icia.web.filter.HttpEncodingFilter - [HttpEncodingFilter] destroy
[2021-01-24 22:20:52.163] [main] DEBUG com.icia.web.filter.HttpEncodingFilter - [HttpEncodingFilter] init encoding : UTF-8
[2021-01-24 22:22:57.979] [Thread-2] DEBUG com.icia.web.filter.HttpEncodingFilter - [HttpEncodingFilter] destroy
[2021-01-24 22:51:58.780] [main] DEBUG com.icia.web.filter.HttpEncodingFilter - [HttpEncodingFilter] init encoding : UTF-8
[2021-01-24 22:56:50.153] [Thread-2] DEBUG com.icia.web.filter.HttpEncodingFilter - [HttpEncodingFilter] destroy
[2021-01-24 22:57:06.409] [main] DEBUG com.icia.web.filter.HttpEncodingFilter - [HttpEncodingFilter] init encoding : UTF-8
[2021-01-24 23:01:54.834] [Thread-2] DEBUG com.icia.web.filter.HttpEncodingFilter - [HttpEncodingFilter] destroy
[2021-01-24 23:02:08.731] [main] DEBUG com.icia.web.filter.HttpEncodingFilter - [HttpEncodingFilter] init encoding : UTF-8
[2021-01-24 23:02:42.684] [Thread-2] DEBUG com.icia.web.filter.HttpEncodingFilter - [HttpEncodingFilter] destroy
[2021-01-24 23:13:42.204] [main] DEBUG com.icia.web.filter.HttpEncodingFilter - [HttpEncodingFilter] init encoding : UTF-8
[2021-01-24 23:33:58.876] [Thread-2] DEBUG com.icia.web.filter.HttpEncodingFilter - [HttpEncodingFilter] destroy
[2021-01-25 08:44:01.470] [main] DEBUG com.icia.web.filter.HttpEncodingFilter - [HttpEncodingFilter] init encoding : UTF-8
[2021-01-25 08:50:22.863] [Thread-2] DEBUG com.icia.web.filter.HttpEncodingFilter - [HttpEncodingFilter] destroy
[2021-01-25 08:51:54.959] [main] DEBUG com.icia.web.filter.HttpEncodingFilter - [HttpEncodingFilter] init encoding : UTF-8
[2021-01-25 08:52:42.375] [Thread-2] DEBUG com.icia.web.filter.HttpEncodingFilter - [HttpEncodingFilter] destroy
[2021-01-25 08:54:26.401] [main] DEBUG com.icia.web.filter.HttpEncodingFilter - [HttpEncodingFilter] init encoding : UTF-8
[2021-01-25 14:00:33.918] [Thread-2] DEBUG com.icia.web.filter.HttpEncodingFilter - [HttpEncodingFilter] destroy
[2021-01-25 16:46:23.706] [main] DEBUG com.icia.web.filter.HttpEncodingFilter - [HttpEncodingFilter] init encoding : UTF-8
[2021-01-25 16:52:09.985] [Thread-2] DEBUG com.icia.web.filter.HttpEncodingFilter - [HttpEncodingFilter] destroy
[2021-01-26 10:00:30.847] [main] DEBUG com.icia.web.filter.HttpEncodingFilter - [HttpEncodingFilter] init encoding : UTF-8
[2021-01-26 13:32:03.848] [Thread-2] DEBUG com.icia.web.filter.HttpEncodingFilter - [HttpEncodingFilter] destroy
[2021-01-26 13:32:20.318] [main] DEBUG com.icia.web.filter.HttpEncodingFilter - [HttpEncodingFilter] init encoding : UTF-8
[2021-01-26 17:00:15.422] [Thread-2] DEBUG com.icia.web.filter.HttpEncodingFilter - [HttpEncodingFilter] destroy
[2021-01-26 22:06:17.500] [main] DEBUG com.icia.web.filter.HttpEncodingFilter - [HttpEncodingFilter] init encoding : UTF-8
[2021-01-26 22:08:41.209] [Thread-2] DEBUG com.icia.web.filter.HttpEncodingFilter - [HttpEncodingFilter] destroy
[2021-01-26 22:08:48.555] [main] DEBUG com.icia.web.filter.HttpEncodingFilter - [HttpEncodingFilter] init encoding : UTF-8
[2021-01-26 22:09:03.235] [Thread-2] DEBUG com.icia.web.filter.HttpEncodingFilter - [HttpEncodingFilter] destroy
[2021-01-26 22:09:25.657] [main] DEBUG com.icia.web.filter.HttpEncodingFilter - [HttpEncodingFilter] init encoding : UTF-8
[2021-01-26 22:11:31.035] [Thread-2] DEBUG com.icia.web.filter.HttpEncodingFilter - [HttpEncodingFilter] destroy
[2021-01-26 22:13:34.430] [main] DEBUG com.icia.web.filter.HttpEncodingFilter - [HttpEncodingFilter] init encoding : UTF-8
[2021-01-26 22:14:15.992] [Thread-2] DEBUG com.icia.web.filter.HttpEncodingFilter - [HttpEncodingFilter] destroy
[2021-01-26 22:14:49.471] [main] DEBUG com.icia.web.filter.HttpEncodingFilter - [HttpEncodingFilter] init encoding : UTF-8
[2021-01-26 22:14:59.115] [Thread-2] DEBUG com.icia.web.filter.HttpEncodingFilter - [HttpEncodingFilter] destroy
[2021-01-26 22:18:39.634] [main] DEBUG com.icia.web.filter.HttpEncodingFilter - [HttpEncodingFilter] init encoding : UTF-8
[2021-01-26 22:18:39.884] [main] DEBUG com.icia.web.filter.HttpEncodingFilter - [HttpEncodingFilter] destroy
[2021-01-26 22:19:57.942] [main] DEBUG com.icia.web.filter.HttpEncodingFilter - [HttpEncodingFilter] init encoding : UTF-8
[2021-01-26 22:25:06.722] [Thread-2] DEBUG com.icia.web.filter.HttpEncodingFilter - [HttpEncodingFilter] destroy
[2021-01-26 22:28:07.435] [main] DEBUG com.icia.web.filter.HttpEncodingFilter - [HttpEncodingFilter] init encoding : UTF-8
[2021-01-26 22:28:43.755] [Thread-2] DEBUG com.icia.web.filter.HttpEncodingFilter - [HttpEncodingFilter] destroy
[2021-01-26 22:29:21.700] [main] DEBUG com.icia.web.filter.HttpEncodingFilter - [HttpEncodingFilter] init encoding : UTF-8
[2021-01-26 22:56:21.570] [Thread-2] DEBUG com.icia.web.filter.HttpEncodingFilter - [HttpEncodingFilter] destroy
[2021-01-27 09:57:08.395] [main] DEBUG com.icia.web.filter.HttpEncodingFilter - [HttpEncodingFilter] init encoding : UTF-8
[2021-01-27 09:57:16.889] [Thread-2] DEBUG com.icia.web.filter.HttpEncodingFilter - [HttpEncodingFilter] destroy
[2021-01-27 13:47:34.352] [main] DEBUG com.icia.web.filter.HttpEncodingFilter - [HttpEncodingFilter] init encoding : UTF-8
[2021-01-27 13:56:41.343] [main] DEBUG com.icia.web.filter.HttpEncodingFilter - [HttpEncodingFilter] destroy
[2021-01-27 13:56:48.576] [main] DEBUG com.icia.web.filter.HttpEncodingFilter - [HttpEncodingFilter] init encoding : UTF-8
[2021-01-27 13:56:58.940] [Thread-2] DEBUG com.icia.web.filter.HttpEncodingFilter - [HttpEncodingFilter] destroy
[2021-01-27 13:57:16.194] [main] DEBUG com.icia.web.filter.HttpEncodingFilter - [HttpEncodingFilter] init encoding : UTF-8
[2021-01-27 13:57:28.538] [Thread-2] DEBUG com.icia.web.filter.HttpEncodingFilter - [HttpEncodingFilter] destroy
[2021-01-27 14:25:13.442] [main] DEBUG com.icia.web.filter.HttpEncodingFilter - [HttpEncodingFilter] init encoding : UTF-8
[2021-01-27 14:47:26.630] [Thread-2] DEBUG com.icia.web.filter.HttpEncodingFilter - [HttpEncodingFilter] destroy
[2021-01-27 14:47:54.940] [main] DEBUG com.icia.web.filter.HttpEncodingFilter - [HttpEncodingFilter] init encoding : UTF-8
[2021-01-27 15:12:53.579] [Thread-2] DEBUG com.icia.web.filter.HttpEncodingFilter - [HttpEncodingFilter] destroy
[2021-01-27 15:33:05.327] [main] DEBUG com.icia.web.filter.HttpEncodingFilter - [HttpEncodingFilter] init encoding : UTF-8
[2021-01-27 15:33:48.311] [Thread-2] DEBUG com.icia.web.filter.HttpEncodingFilter - [HttpEncodingFilter] destroy
[2021-01-27 15:43:18.309] [main] DEBUG com.icia.web.filter.HttpEncodingFilter - [HttpEncodingFilter] init encoding : UTF-8
[2021-01-27 15:43:28.483] [Thread-2] DEBUG com.icia.web.filter.HttpEncodingFilter - [HttpEncodingFilter] destroy
[2021-01-27 15:44:21.995] [main] DEBUG com.icia.web.filter.HttpEncodingFilter - [HttpEncodingFilter] init encoding : UTF-8
[2021-01-27 16:07:15.116] [Thread-2] DEBUG com.icia.web.filter.HttpEncodingFilter - [HttpEncodingFilter] destroy
[2021-01-27 16:17:09.996] [main] DEBUG com.icia.web.filter.HttpEncodingFilter - [HttpEncodingFilter] init encoding : UTF-8
[2021-01-27 16:17:29.754] [Thread-2] DEBUG com.icia.web.filter.HttpEncodingFilter - [HttpEncodingFilter] destroy
[2021-01-27 16:19:24.411] [main] DEBUG com.icia.web.filter.HttpEncodingFilter - [HttpEncodingFilter] init encoding : UTF-8
[2021-01-27 16:22:54.951] [Thread-2] DEBUG com.icia.web.filter.HttpEncodingFilter - [HttpEncodingFilter] destroy
[2021-01-27 20:20:54.258] [main] DEBUG com.icia.web.filter.HttpEncodingFilter - [HttpEncodingFilter] init encoding : UTF-8
[2021-01-27 20:21:52.820] [main] DEBUG com.icia.web.filter.HttpEncodingFilter - [HttpEncodingFilter] destroy
[2021-01-27 20:25:48.830] [main] DEBUG com.icia.web.filter.HttpEncodingFilter - [HttpEncodingFilter] init encoding : UTF-8
[2021-01-27 20:26:07.468] [Thread-2] DEBUG com.icia.web.filter.HttpEncodingFilter - [HttpEncodingFilter] destroy
[2021-01-27 20:26:57.226] [main] DEBUG com.icia.web.filter.HttpEncodingFilter - [HttpEncodingFilter] init encoding : UTF-8
[2021-01-27 20:27:04.134] [Thread-2] DEBUG com.icia.web.filter.HttpEncodingFilter - [HttpEncodingFilter] destroy
[2021-01-29 23:54:25.050] [main] DEBUG com.icia.web.filter.HttpEncodingFilter - [HttpEncodingFilter] init encoding : UTF-8
[2021-01-30 00:04:37.250] [Thread-2] DEBUG com.icia.web.filter.HttpEncodingFilter - [HttpEncodingFilter] destroy
[2021-01-30 13:36:16.264] [main] DEBUG com.icia.web.filter.HttpEncodingFilter - [HttpEncodingFilter] init encoding : UTF-8
[2021-01-30 13:44:37.839] [Thread-2] DEBUG com.icia.web.filter.HttpEncodingFilter - [HttpEncodingFilter] destroy
[2021-01-30 13:47:15.825] [main] DEBUG com.icia.web.filter.HttpEncodingFilter - [HttpEncodingFilter] init encoding : UTF-8
[2021-01-30 13:57:33.789] [Thread-2] DEBUG com.icia.web.filter.HttpEncodingFilter - [HttpEncodingFilter] destroy
[2021-01-30 13:57:46.730] [main] DEBUG com.icia.web.filter.HttpEncodingFilter - [HttpEncodingFilter] init encoding : UTF-8
[2021-01-30 13:58:12.371] [Thread-2] DEBUG com.icia.web.filter.HttpEncodingFilter - [HttpEncodingFilter] destroy
[2021-01-30 14:02:37.719] [main] DEBUG com.icia.web.filter.HttpEncodingFilter - [HttpEncodingFilter] init encoding : UTF-8
[2021-01-30 14:56:20.922] [Thread-2] DEBUG com.icia.web.filter.HttpEncodingFilter - [HttpEncodingFilter] destroy
[2021-01-31 12:35:39.188] [main] DEBUG com.icia.web.filter.HttpEncodingFilter - [HttpEncodingFilter] init encoding : UTF-8
[2021-01-31 12:39:50.131] [Thread-2] DEBUG com.icia.web.filter.HttpEncodingFilter - [HttpEncodingFilter] destroy
[2021-01-31 12:40:18.786] [main] DEBUG com.icia.web.filter.HttpEncodingFilter - [HttpEncodingFilter] init encoding : UTF-8
[2021-01-31 12:44:51.496] [Thread-2] DEBUG com.icia.web.filter.HttpEncodingFilter - [HttpEncodingFilter] destroy
[2021-01-31 12:54:01.525] [main] DEBUG com.icia.web.filter.HttpEncodingFilter - [HttpEncodingFilter] init encoding : UTF-8
[2021-01-31 13:02:56.740] [Thread-2] DEBUG com.icia.web.filter.HttpEncodingFilter - [HttpEncodingFilter] destroy
[2021-01-31 13:03:15.061] [main] DEBUG com.icia.web.filter.HttpEncodingFilter - [HttpEncodingFilter] init encoding : UTF-8
[2021-01-31 14:46:46.770] [Thread-2] DEBUG com.icia.web.filter.HttpEncodingFilter - [HttpEncodingFilter] destroy
[2021-01-31 14:47:47.850] [main] DEBUG com.icia.web.filter.HttpEncodingFilter - [HttpEncodingFilter] init encoding : UTF-8
[2021-01-31 14:50:28.282] [Thread-2] DEBUG com.icia.web.filter.HttpEncodingFilter - [HttpEncodingFilter] destroy
[2021-01-31 14:50:54.333] [main] DEBUG com.icia.web.filter.HttpEncodingFilter - [HttpEncodingFilter] init encoding : UTF-8
[2021-01-31 14:54:05.541] [Thread-2] DEBUG com.icia.web.filter.HttpEncodingFilter - [HttpEncodingFilter] destroy
[2021-01-31 14:55:16.961] [main] DEBUG com.icia.web.filter.HttpEncodingFilter - [HttpEncodingFilter] init encoding : UTF-8
[2021-01-31 14:55:27.815] [Thread-2] DEBUG com.icia.web.filter.HttpEncodingFilter - [HttpEncodingFilter] destroy
[2021-01-31 14:56:14.994] [main] DEBUG com.icia.web.filter.HttpEncodingFilter - [HttpEncodingFilter] init encoding : UTF-8
[2021-01-31 15:17:33.617] [Thread-2] DEBUG com.icia.web.filter.HttpEncodingFilter - [HttpEncodingFilter] destroy
[2021-01-31 15:18:45.152] [main] DEBUG com.icia.web.filter.HttpEncodingFilter - [HttpEncodingFilter] init encoding : UTF-8
[2021-01-31 15:32:23.862] [Thread-2] DEBUG com.icia.web.filter.HttpEncodingFilter - [HttpEncodingFilter] destroy
[2021-01-31 15:32:41.474] [main] DEBUG com.icia.web.filter.HttpEncodingFilter - [HttpEncodingFilter] init encoding : UTF-8
[2021-01-31 15:45:01.946] [Thread-2] DEBUG com.icia.web.filter.HttpEncodingFilter - [HttpEncodingFilter] destroy
[2021-01-31 15:45:49.621] [main] DEBUG com.icia.web.filter.HttpEncodingFilter - [HttpEncodingFilter] init encoding : UTF-8
[2021-01-31 15:46:45.563] [Thread-2] DEBUG com.icia.web.filter.HttpEncodingFilter - [HttpEncodingFilter] destroy
[2021-01-31 15:49:58.228] [main] DEBUG com.icia.web.filter.HttpEncodingFilter - [HttpEncodingFilter] init encoding : UTF-8
[2021-01-31 15:59:19.232] [Thread-2] DEBUG com.icia.web.filter.HttpEncodingFilter - [HttpEncodingFilter] destroy
[2021-01-31 15:59:32.028] [main] DEBUG com.icia.web.filter.HttpEncodingFilter - [HttpEncodingFilter] init encoding : UTF-8
[2021-01-31 20:18:49.777] [Thread-2] DEBUG com.icia.web.filter.HttpEncodingFilter - [HttpEncodingFilter] destroy
[2021-01-31 20:44:20.297] [main] DEBUG com.icia.web.filter.HttpEncodingFilter - [HttpEncodingFilter] init encoding : UTF-8
[2021-01-31 21:05:02.728] [Thread-2] DEBUG com.icia.web.filter.HttpEncodingFilter - [HttpEncodingFilter] destroy
[2021-01-31 21:05:20.000] [main] DEBUG com.icia.web.filter.HttpEncodingFilter - [HttpEncodingFilter] init encoding : UTF-8
[2021-01-31 21:05:20.657] [http-nio-8088-exec-2] DEBUG com.icia.web.filter.HttpEncodingFilter - [HttpEncodingFilter] doFilter
[2021-01-31 21:05:31.826] [http-nio-8088-exec-3] DEBUG com.icia.web.filter.HttpEncodingFilter - [HttpEncodingFilter] doFilter
[2021-01-31 21:25:59.511] [Thread-2] DEBUG com.icia.web.filter.HttpEncodingFilter - [HttpEncodingFilter] destroy
[2021-01-31 21:26:15.544] [main] DEBUG com.icia.web.filter.HttpEncodingFilter - [HttpEncodingFilter] init encoding : UTF-8
[2021-01-31 22:34:13.991] [Thread-2] DEBUG com.icia.web.filter.HttpEncodingFilter - [HttpEncodingFilter] destroy
[2021-02-01 15:24:47.506] [main] DEBUG com.icia.web.filter.HttpEncodingFilter - [HttpEncodingFilter] init encoding : UTF-8
[2021-02-01 15:24:47.746] [main] DEBUG com.icia.web.filter.HttpEncodingFilter - [HttpEncodingFilter] destroy
[2021-02-01 15:27:38.505] [main] DEBUG com.icia.web.filter.HttpEncodingFilter - [HttpEncodingFilter] init encoding : UTF-8
[2021-02-01 15:27:38.731] [main] DEBUG com.icia.web.filter.HttpEncodingFilter - [HttpEncodingFilter] destroy
[2021-02-01 15:54:50.292] [main] DEBUG com.icia.web.filter.HttpEncodingFilter - [HttpEncodingFilter] init encoding : UTF-8
[2021-02-01 15:54:50.506] [main] DEBUG com.icia.web.filter.HttpEncodingFilter - [HttpEncodingFilter] destroy
[2021-02-01 18:39:50.897] [main] DEBUG com.icia.web.filter.HttpEncodingFilter - [HttpEncodingFilter] init encoding : UTF-8
[2021-02-01 18:39:51.125] [main] DEBUG com.icia.web.filter.HttpEncodingFilter - [HttpEncodingFilter] destroy
[2021-02-01 18:47:25.829] [main] DEBUG com.icia.web.filter.HttpEncodingFilter - [HttpEncodingFilter] init encoding : UTF-8
[2021-02-01 18:47:26.064] [main] DEBUG com.icia.web.filter.HttpEncodingFilter - [HttpEncodingFilter] destroy
[2021-02-01 18:57:46.571] [main] DEBUG com.icia.web.filter.HttpEncodingFilter - [HttpEncodingFilter] init encoding : UTF-8
[2021-02-01 18:57:46.788] [main] DEBUG com.icia.web.filter.HttpEncodingFilter - [HttpEncodingFilter] destroy
[2021-02-01 20:02:58.314] [main] DEBUG com.icia.web.filter.HttpEncodingFilter - [HttpEncodingFilter] init encoding : UTF-8
[2021-02-01 23:20:15.920] [Thread-2] DEBUG com.icia.web.filter.HttpEncodingFilter - [HttpEncodingFilter] destroy
[2021-02-01 23:20:33.111] [main] DEBUG com.icia.web.filter.HttpEncodingFilter - [HttpEncodingFilter] init encoding : UTF-8
[2021-02-02 00:00:28.880] [Thread-2] DEBUG com.icia.web.filter.HttpEncodingFilter - [HttpEncodingFilter] destroy
[2021-02-02 11:10:32.641] [main] DEBUG com.icia.web.filter.HttpEncodingFilter - [HttpEncodingFilter] init encoding : UTF-8
[2021-02-02 13:04:50.457] [Thread-2] DEBUG com.icia.web.filter.HttpEncodingFilter - [HttpEncodingFilter] destroy
[2021-02-02 15:40:13.738] [main] DEBUG com.icia.web.filter.HttpEncodingFilter - [HttpEncodingFilter] init encoding : UTF-8
[2021-02-02 15:40:14.573] [main] DEBUG com.icia.web.filter.HttpEncodingFilter - [HttpEncodingFilter] destroy
[2021-02-02 19:17:55.101] [main] DEBUG com.icia.web.filter.HttpEncodingFilter - [HttpEncodingFilter] init encoding : UTF-8
[2021-02-02 22:49:27.085] [Thread-2] DEBUG com.icia.web.filter.HttpEncodingFilter - [HttpEncodingFilter] destroy
[2021-02-02 22:57:46.115] [main] DEBUG com.icia.web.filter.HttpEncodingFilter - [HttpEncodingFilter] init encoding : UTF-8
[2021-02-02 23:34:33.370] [Thread-2] DEBUG com.icia.web.filter.HttpEncodingFilter - [HttpEncodingFilter] destroy
[2021-02-03 08:41:10.152] [main] DEBUG com.icia.web.filter.HttpEncodingFilter - [HttpEncodingFilter] init encoding : UTF-8
[2021-02-03 09:18:56.674] [Thread-2] DEBUG com.icia.web.filter.HttpEncodingFilter - [HttpEncodingFilter] destroy
[2021-02-03 09:49:42.908] [main] DEBUG com.icia.web.filter.HttpEncodingFilter - [HttpEncodingFilter] init encoding : UTF-8
[2021-02-03 11:36:20.867] [Thread-2] DEBUG com.icia.web.filter.HttpEncodingFilter - [HttpEncodingFilter] destroy
[2021-02-05 16:28:27.641] [main] DEBUG com.icia.web.filter.HttpEncodingFilter - [HttpEncodingFilter] init encoding : UTF-8
[2021-02-05 16:28:58.939] [Thread-2] DEBUG com.icia.web.filter.HttpEncodingFilter - [HttpEncodingFilter] destroy
[2021-02-05 16:33:11.428] [main] DEBUG com.icia.web.filter.HttpEncodingFilter - [HttpEncodingFilter] init encoding : UTF-8
[2021-02-06 22:55:28.615] [Thread-2] DEBUG com.icia.web.filter.HttpEncodingFilter - [HttpEncodingFilter] destroy
[2021-02-06 23:19:13.966] [main] DEBUG com.icia.web.filter.HttpEncodingFilter - [HttpEncodingFilter] init encoding : UTF-8
[2021-02-06 23:50:58.395] [Thread-2] DEBUG com.icia.web.filter.HttpEncodingFilter - [HttpEncodingFilter] destroy
[2021-02-07 14:53:51.080] [main] DEBUG com.icia.web.filter.HttpEncodingFilter - [HttpEncodingFilter] init encoding : UTF-8
[2021-02-07 15:03:23.641] [main] DEBUG com.icia.web.filter.HttpEncodingFilter - [HttpEncodingFilter] init encoding : UTF-8
[2021-02-07 15:03:40.099] [Thread-2] DEBUG com.icia.web.filter.HttpEncodingFilter - [HttpEncodingFilter] destroy
[2021-02-08 15:57:32.526] [main] DEBUG com.icia.web.filter.HttpEncodingFilter - [HttpEncodingFilter] init encoding : UTF-8
[2021-02-08 15:57:41.743] [Thread-2] DEBUG com.icia.web.filter.HttpEncodingFilter - [HttpEncodingFilter] destroy
[2021-02-08 15:58:23.958] [main] DEBUG com.icia.web.filter.HttpEncodingFilter - [HttpEncodingFilter] init encoding : UTF-8
[2021-02-08 16:00:08.817] [Thread-2] DEBUG com.icia.web.filter.HttpEncodingFilter - [HttpEncodingFilter] destroy
[2021-02-08 16:00:23.978] [main] DEBUG com.icia.web.filter.HttpEncodingFilter - [HttpEncodingFilter] init encoding : UTF-8
[2021-02-08 16:17:53.118] [Thread-2] DEBUG com.icia.web.filter.HttpEncodingFilter - [HttpEncodingFilter] destroy
[2021-02-08 16:18:02.932] [main] DEBUG com.icia.web.filter.HttpEncodingFilter - [HttpEncodingFilter] init encoding : UTF-8
[2021-02-08 16:25:36.150] [Thread-2] DEBUG com.icia.web.filter.HttpEncodingFilter - [HttpEncodingFilter] destroy
[2021-02-08 16:25:49.949] [main] DEBUG com.icia.web.filter.HttpEncodingFilter - [HttpEncodingFilter] init encoding : UTF-8
[2021-02-08 16:26:18.851] [Thread-2] DEBUG com.icia.web.filter.HttpEncodingFilter - [HttpEncodingFilter] destroy
[2021-02-08 16:26:34.760] [main] DEBUG com.icia.web.filter.HttpEncodingFilter - [HttpEncodingFilter] init encoding : UTF-8
[2021-02-08 16:28:03.680] [Thread-2] DEBUG com.icia.web.filter.HttpEncodingFilter - [HttpEncodingFilter] destroy
[2021-02-08 16:28:28.565] [main] DEBUG com.icia.web.filter.HttpEncodingFilter - [HttpEncodingFilter] init encoding : UTF-8
[2021-02-09 14:54:39.438] [Thread-2] DEBUG com.icia.web.filter.HttpEncodingFilter - [HttpEncodingFilter] destroy
[2021-02-15 13:11:59.648] [main] DEBUG com.icia.web.filter.HttpEncodingFilter - [HttpEncodingFilter] init encoding : UTF-8
[2021-02-15 13:12:30.717] [Thread-2] DEBUG com.icia.web.filter.HttpEncodingFilter - [HttpEncodingFilter] destroy
